<?xml version="1.0" encoding="UTF-8"?>
<!-- Generated by org.testng.reporters.JUnitReportReporter -->
<testsuite hostname="DESKTOP-73G0TGN" failures="0" tests="1" name="test.RunTestCase" time="18.781" errors="0" timestamp="2023-04-03T21:19:39 IST" skipped="0">
  <testcase classname="test.RunTestCase" name="login" time="18.781"/>
  <system-out/>
</testsuite> <!-- test.RunTestCase -->
